# JRE version: OpenJDK Runtime Environment (17.0.7) (build 17.0.7+0-b2043.56-10550314)
# Java VM: OpenJDK 64-Bit Server VM (17.0.7+0-b2043.56-10550314, mixed mode, tiered, compressed oops, compressed class ptrs, g1 gc, windows-amd64)
GC Precious Log:
 CPUs: 8 total, 8 available
 Memory: 16221M
 Large Page Support: Disabled
 NUMA Support: Disabled
 Compressed Oops: Enabled (32-bit)
 Heap Region Size: 1M
 Heap Min Capacity: 8M
 Heap Initial Capacity: 254M
 Heap Max Capacity: 2G
 Pre-touch: Disabled
 Parallel Workers: 8
 Concurrent Workers: 2
 Concurrent Refinement Workers: 8
 Periodic GC: Disabled
Heap:
 garbage-first heap   total 253952K, used 153406K [0x0000000080000000, 0x0000000100000000)
  region size 1024K, 9 young (9216K), 9 survivors (9216K)
 Metaspace       used 106882K, committed 107584K, reserved 1179648K
  class space    used 14967K, committed 15296K, reserved 1048576K
GC Heap History (20 events):
Event: 12.711 GC heap after
{Heap after GC invocations=45 (full 0):
 garbage-first heap   total 150528K, used 84801K [0x0000000080000000, 0x0000000100000000)
  region size 1024K, 6 young (6144K), 6 survivors (6144K)
 Metaspace       used 92137K, committed 92800K, reserved 1179648K
  class space    used 12795K, committed 13120K, reserved 1048576K
}
Event: 13.280 GC heap before
{Heap before GC invocations=46 (full 0):
 garbage-first heap   total 150528K, used 122689K [0x0000000080000000, 0x0000000100000000)
  region size 1024K, 44 young (45056K), 6 survivors (6144K)
 Metaspace       used 92732K, committed 93440K, reserved 1179648K
  class space    used 12850K, committed 13184K, reserved 1048576K
}
Event: 13.288 GC heap after
{Heap after GC invocations=47 (full 0):
 garbage-first heap   total 150528K, used 88128K [0x0000000080000000, 0x0000000100000000)
  region size 1024K, 5 young (5120K), 5 survivors (5120K)
 Metaspace       used 92732K, committed 93440K, reserved 1179648K
  class space    used 12850K, committed 13184K, reserved 1048576K
}
Event: 13.317 GC heap before
{Heap before GC invocations=47 (full 0):
 garbage-first heap   total 150528K, used 90176K [0x0000000080000000, 0x0000000100000000)
  region size 1024K, 7 young (7168K), 5 survivors (5120K)
 Metaspace       used 92759K, committed 93504K, reserved 1179648K
  class space    used 12850K, committed 13184K, reserved 1048576K
}
Event: 13.321 GC heap after
{Heap after GC invocations=48 (full 0):
 garbage-first heap   total 150528K, used 87698K [0x0000000080000000, 0x0000000100000000)
  region size 1024K, 1 young (1024K), 1 survivors (1024K)
 Metaspace       used 92759K, committed 93504K, reserved 1179648K
  class space    used 12850K, committed 13184K, reserved 1048576K
}
Event: 13.517 GC heap before
{Heap before GC invocations=48 (full 0):
 garbage-first heap   total 150528K, used 105106K [0x0000000080000000, 0x0000000100000000)
  region size 1024K, 20 young (20480K), 1 survivors (1024K)
 Metaspace       used 93105K, committed 93760K, reserved 1179648K
  class space    used 12882K, committed 13184K, reserved 1048576K
}
Event: 13.520 GC heap after
{Heap after GC invocations=49 (full 0):
 garbage-first heap   total 150528K, used 89874K [0x0000000080000000, 0x0000000100000000)
  region size 1024K, 3 young (3072K), 3 survivors (3072K)
 Metaspace       used 93105K, committed 93760K, reserved 1179648K
  class space    used 12882K, committed 13184K, reserved 1048576K
}
Event: 13.954 GC heap before
{Heap before GC invocations=50 (full 0):
 garbage-first heap   total 167936K, used 128786K [0x0000000080000000, 0x0000000100000000)
  region size 1024K, 37 young (37888K), 3 survivors (3072K)
 Metaspace       used 94671K, committed 95360K, reserved 1179648K
  class space    used 13011K, committed 13312K, reserved 1048576K
}
Event: 13.962 GC heap after
{Heap after GC invocations=51 (full 0):
 garbage-first heap   total 167936K, used 92873K [0x0000000080000000, 0x0000000100000000)
  region size 1024K, 5 young (5120K), 5 survivors (5120K)
 Metaspace       used 94671K, committed 95360K, reserved 1179648K
  class space    used 13011K, committed 13312K, reserved 1048576K
}
Event: 13.995 GC heap before
{Heap before GC invocations=51 (full 0):
 garbage-first heap   total 167936K, used 94921K [0x0000000080000000, 0x0000000100000000)
  region size 1024K, 8 young (8192K), 5 survivors (5120K)
 Metaspace       used 94706K, committed 95360K, reserved 1179648K
  class space    used 13013K, committed 13312K, reserved 1048576K
}
Event: 14.004 GC heap after
{Heap after GC invocations=52 (full 0):
 garbage-first heap   total 253952K, used 92660K [0x0000000080000000, 0x0000000100000000)
  region size 1024K, 1 young (1024K), 1 survivors (1024K)
 Metaspace       used 94706K, committed 95360K, reserved 1179648K
  class space    used 13013K, committed 13312K, reserved 1048576K
}
Event: 14.739 GC heap before
{Heap before GC invocations=52 (full 0):
 garbage-first heap   total 253952K, used 197108K [0x0000000080000000, 0x0000000100000000)
  region size 1024K, 104 young (106496K), 1 survivors (1024K)
 Metaspace       used 100195K, committed 100864K, reserved 1179648K
  class space    used 13843K, committed 14144K, reserved 1048576K
}
Event: 14.746 GC heap after
{Heap after GC invocations=53 (full 0):
 garbage-first heap   total 253952K, used 105913K [0x0000000080000000, 0x0000000100000000)
  region size 1024K, 13 young (13312K), 13 survivors (13312K)
 Metaspace       used 100195K, committed 100864K, reserved 1179648K
  class space    used 13843K, committed 14144K, reserved 1048576K
}
Event: 15.099 GC heap before
{Heap before GC invocations=53 (full 0):
 garbage-first heap   total 253952K, used 189881K [0x0000000080000000, 0x0000000100000000)
  region size 1024K, 95 young (97280K), 13 survivors (13312K)
 Metaspace       used 102905K, committed 103616K, reserved 1179648K
  class space    used 14282K, committed 14592K, reserved 1048576K
}
Event: 15.117 GC heap after
{Heap after GC invocations=54 (full 0):
 garbage-first heap   total 253952K, used 119871K [0x0000000080000000, 0x0000000100000000)
  region size 1024K, 12 young (12288K), 12 survivors (12288K)
 Metaspace       used 102905K, committed 103616K, reserved 1179648K
  class space    used 14282K, committed 14592K, reserved 1048576K
}
Event: 15.356 GC heap before
{Heap before GC invocations=54 (full 0):
 garbage-first heap   total 253952K, used 193599K [0x0000000080000000, 0x0000000100000000)
  region size 1024K, 85 young (87040K), 12 survivors (12288K)
 Metaspace       used 104704K, committed 105408K, reserved 1179648K
  class space    used 14581K, committed 14912K, reserved 1048576K
}
Event: 15.380 GC heap after
{Heap after GC invocations=55 (full 0):
 garbage-first heap   total 253952K, used 132096K [0x0000000080000000, 0x0000000100000000)
  region size 1024K, 11 young (11264K), 11 survivors (11264K)
 Metaspace       used 104704K, committed 105408K, reserved 1179648K
  class space    used 14581K, committed 14912K, reserved 1048576K
}
Event: 15.582 GC heap before
{Heap before GC invocations=55 (full 0):
 garbage-first heap   total 253952K, used 199680K [0x0000000080000000, 0x0000000100000000)
  region size 1024K, 78 young (79872K), 11 survivors (11264K)
 Metaspace       used 106006K, committed 106688K, reserved 1179648K
  class space    used 14805K, committed 15104K, reserved 1048576K
}
Event: 15.600 GC heap after
{Heap after GC invocations=56 (full 0):
 garbage-first heap   total 253952K, used 142895K [0x0000000080000000, 0x0000000100000000)
  region size 1024K, 10 young (10240K), 10 survivors (10240K)
 Metaspace       used 106006K, committed 106688K, reserved 1179648K
  class space    used 14805K, committed 15104K, reserved 1048576K
}
Event: 15.782 GC heap before
{Heap before GC invocations=56 (full 0):
 garbage-first heap   total 253952K, used 203311K [0x0000000080000000, 0x0000000100000000)
  region size 1024K, 70 young (71680K), 10 survivors (10240K)
 Metaspace       used 106882K, committed 107584K, reserved 1179648K
  class space    used 14967K, committed 15296K, reserved 1048576K
}

