# JRE version: OpenJDK Runtime Environment (17.0.7) (build 17.0.7+0-b2043.56-10550314)
# Java VM: OpenJDK 64-Bit Server VM (17.0.7+0-b2043.56-10550314, mixed mode, tiered, compressed oops, compressed class ptrs, g1 gc, windows-amd64)
GC Precious Log:
 CPUs: 8 total, 8 available
 Memory: 16221M
 Large Page Support: Disabled
 NUMA Support: Disabled
 Compressed Oops: Enabled (32-bit)
 Heap Region Size: 1M
 Heap Min Capacity: 8M
 Heap Initial Capacity: 254M
 Heap Max Capacity: 2G
 Pre-touch: Disabled
 Parallel Workers: 8
 Concurrent Workers: 2
 Concurrent Refinement Workers: 8
 Periodic GC: Disabled
Heap:
 garbage-first heap   total 301056K, used 175563K [0x0000000080000000, 0x0000000100000000)
  region size 1024K, 69 young (70656K), 20 survivors (20480K)
 Metaspace       used 116907K, committed 117696K, reserved 1179648K
  class space    used 15691K, committed 16128K, reserved 1048576K
GC Heap History (20 events):
Event: 10.649 GC heap before
{Heap before GC invocations=36 (full 0):
 garbage-first heap   total 134144K, used 76910K [0x0000000080000000, 0x0000000100000000)
  region size 1024K, 7 young (7168K), 6 survivors (6144K)
 Metaspace       used 89976K, committed 90624K, reserved 1179648K
  class space    used 12392K, committed 12736K, reserved 1048576K
}
Event: 10.654 GC heap after
{Heap after GC invocations=37 (full 0):
 garbage-first heap   total 134144K, used 76522K [0x0000000080000000, 0x0000000100000000)
  region size 1024K, 1 young (1024K), 1 survivors (1024K)
 Metaspace       used 89976K, committed 90624K, reserved 1179648K
  class space    used 12392K, committed 12736K, reserved 1048576K
}
Event: 11.025 GC heap before
{Heap before GC invocations=37 (full 0):
 garbage-first heap   total 134144K, used 108266K [0x0000000080000000, 0x0000000100000000)
  region size 1024K, 33 young (33792K), 1 survivors (1024K)
 Metaspace       used 91822K, committed 92480K, reserved 1179648K
  class space    used 12746K, committed 13056K, reserved 1048576K
}
Event: 11.030 GC heap after
{Heap after GC invocations=38 (full 0):
 garbage-first heap   total 134144K, used 79927K [0x0000000080000000, 0x0000000100000000)
  region size 1024K, 5 young (5120K), 5 survivors (5120K)
 Metaspace       used 91822K, committed 92480K, reserved 1179648K
  class space    used 12746K, committed 13056K, reserved 1048576K
}
Event: 11.255 GC heap before
{Heap before GC invocations=39 (full 0):
 garbage-first heap   total 150528K, used 107575K [0x0000000080000000, 0x0000000100000000)
  region size 1024K, 33 young (33792K), 5 survivors (5120K)
 Metaspace       used 91989K, committed 92736K, reserved 1179648K
  class space    used 12771K, committed 13120K, reserved 1048576K
}
Event: 11.260 GC heap after
{Heap after GC invocations=40 (full 0):
 garbage-first heap   total 150528K, used 83361K [0x0000000080000000, 0x0000000100000000)
  region size 1024K, 4 young (4096K), 4 survivors (4096K)
 Metaspace       used 91989K, committed 92736K, reserved 1179648K
  class space    used 12771K, committed 13120K, reserved 1048576K
}
Event: 11.666 GC heap before
{Heap before GC invocations=40 (full 0):
 garbage-first heap   total 150528K, used 125345K [0x0000000080000000, 0x0000000100000000)
  region size 1024K, 41 young (41984K), 4 survivors (4096K)
 Metaspace       used 95300K, committed 96000K, reserved 1179648K
  class space    used 13123K, committed 13440K, reserved 1048576K
}
Event: 11.670 GC heap after
{Heap after GC invocations=41 (full 0):
 garbage-first heap   total 301056K, used 85547K [0x0000000080000000, 0x0000000100000000)
  region size 1024K, 3 young (3072K), 3 survivors (3072K)
 Metaspace       used 95300K, committed 96000K, reserved 1179648K
  class space    used 13123K, committed 13440K, reserved 1048576K
}
Event: 13.484 GC heap before
{Heap before GC invocations=41 (full 0):
 garbage-first heap   total 301056K, used 258603K [0x0000000080000000, 0x0000000100000000)
  region size 1024K, 139 young (142336K), 3 survivors (3072K)
 Metaspace       used 97857K, committed 98624K, reserved 1179648K
  class space    used 13332K, committed 13696K, reserved 1048576K
}
Event: 13.491 GC heap after
{Heap after GC invocations=42 (full 0):
 garbage-first heap   total 301056K, used 90169K [0x0000000080000000, 0x0000000100000000)
  region size 1024K, 8 young (8192K), 8 survivors (8192K)
 Metaspace       used 97857K, committed 98624K, reserved 1179648K
  class space    used 13332K, committed 13696K, reserved 1048576K
}
Event: 14.478 GC heap before
{Heap before GC invocations=42 (full 0):
 garbage-first heap   total 301056K, used 255033K [0x0000000080000000, 0x0000000100000000)
  region size 1024K, 168 young (172032K), 8 survivors (8192K)
 Metaspace       used 103124K, committed 103872K, reserved 1179648K
  class space    used 13823K, committed 14208K, reserved 1048576K
}
Event: 14.483 GC heap after
{Heap after GC invocations=43 (full 0):
 garbage-first heap   total 301056K, used 87068K [0x0000000080000000, 0x0000000100000000)
  region size 1024K, 5 young (5120K), 5 survivors (5120K)
 Metaspace       used 103124K, committed 103872K, reserved 1179648K
  class space    used 13823K, committed 14208K, reserved 1048576K
}
Event: 15.795 GC heap before
{Heap before GC invocations=43 (full 0):
 garbage-first heap   total 301056K, used 255004K [0x0000000080000000, 0x0000000100000000)
  region size 1024K, 170 young (174080K), 5 survivors (5120K)
 Metaspace       used 106334K, committed 107072K, reserved 1179648K
  class space    used 14197K, committed 14528K, reserved 1048576K
}
Event: 15.802 GC heap after
{Heap after GC invocations=44 (full 0):
 garbage-first heap   total 301056K, used 92921K [0x0000000080000000, 0x0000000100000000)
  region size 1024K, 10 young (10240K), 10 survivors (10240K)
 Metaspace       used 106334K, committed 107072K, reserved 1179648K
  class space    used 14197K, committed 14528K, reserved 1048576K
}
Event: 16.669 GC heap before
{Heap before GC invocations=44 (full 0):
 garbage-first heap   total 301056K, used 254713K [0x0000000080000000, 0x0000000100000000)
  region size 1024K, 167 young (171008K), 10 survivors (10240K)
 Metaspace       used 107545K, committed 108352K, reserved 1179648K
  class space    used 14322K, committed 14720K, reserved 1048576K
}
Event: 16.681 GC heap after
{Heap after GC invocations=45 (full 0):
 garbage-first heap   total 301056K, used 97389K [0x0000000080000000, 0x0000000100000000)
  region size 1024K, 15 young (15360K), 15 survivors (15360K)
 Metaspace       used 107545K, committed 108352K, reserved 1179648K
  class space    used 14322K, committed 14720K, reserved 1048576K
}
Event: 17.896 GC heap before
{Heap before GC invocations=45 (full 0):
 garbage-first heap   total 301056K, used 252013K [0x0000000080000000, 0x0000000100000000)
  region size 1024K, 167 young (171008K), 15 survivors (15360K)
 Metaspace       used 110063K, committed 110912K, reserved 1179648K
  class space    used 14658K, committed 15104K, reserved 1048576K
}
Event: 17.910 GC heap after
{Heap after GC invocations=46 (full 0):
 garbage-first heap   total 301056K, used 105518K [0x0000000080000000, 0x0000000100000000)
  region size 1024K, 19 young (19456K), 19 survivors (19456K)
 Metaspace       used 110063K, committed 110912K, reserved 1179648K
  class space    used 14658K, committed 15104K, reserved 1048576K
}
Event: 18.709 GC heap before
{Heap before GC invocations=46 (full 0):
 garbage-first heap   total 301056K, used 245806K [0x0000000080000000, 0x0000000100000000)
  region size 1024K, 157 young (160768K), 19 survivors (19456K)
 Metaspace       used 116216K, committed 117056K, reserved 1179648K
  class space    used 15625K, committed 16064K, reserved 1048576K
}
Event: 18.736 GC heap after
{Heap after GC invocations=47 (full 0):
 garbage-first heap   total 301056K, used 126411K [0x0000000080000000, 0x0000000100000000)
  region size 1024K, 20 young (20480K), 20 survivors (20480K)
 Metaspace       used 116216K, committed 117056K, reserved 1179648K
  class space    used 15625K, committed 16064K, reserved 1048576K
}

