# JRE version: OpenJDK Runtime Environment (17.0.7) (build 17.0.7+0-b2043.56-10550314)
# Java VM: OpenJDK 64-Bit Server VM (17.0.7+0-b2043.56-10550314, mixed mode, tiered, compressed oops, compressed class ptrs, g1 gc, windows-amd64)
GC Precious Log:
 CPUs: 8 total, 8 available
 Memory: 16221M
 Large Page Support: Disabled
 NUMA Support: Disabled
 Compressed Oops: Enabled (32-bit)
 Heap Region Size: 1M
 Heap Min Capacity: 8M
 Heap Initial Capacity: 254M
 Heap Max Capacity: 2G
 Pre-touch: Disabled
 Parallel Workers: 8
 Concurrent Workers: 2
 Concurrent Refinement Workers: 8
 Periodic GC: Disabled
Heap:
 garbage-first heap   total 280576K, used 206978K [0x0000000080000000, 0x0000000100000000)
  region size 1024K, 132 young (135168K), 18 survivors (18432K)
 Metaspace       used 98105K, committed 98816K, reserved 1179648K
  class space    used 13403K, committed 13760K, reserved 1048576K
GC Heap History (20 events):
Event: 7.477 GC heap before
{Heap before GC invocations=22 (full 0):
 garbage-first heap   total 107520K, used 77837K [0x0000000080000000, 0x0000000100000000)
  region size 1024K, 25 young (25600K), 2 survivors (2048K)
 Metaspace       used 67823K, committed 68416K, reserved 1114112K
  class space    used 9100K, committed 9408K, reserved 1048576K
}
Event: 7.479 GC heap after
{Heap after GC invocations=23 (full 0):
 garbage-first heap   total 107520K, used 57269K [0x0000000080000000, 0x0000000100000000)
  region size 1024K, 4 young (4096K), 4 survivors (4096K)
 Metaspace       used 67823K, committed 68416K, reserved 1114112K
  class space    used 9100K, committed 9408K, reserved 1048576K
}
Event: 7.700 GC heap before
{Heap before GC invocations=24 (full 0):
 garbage-first heap   total 107520K, used 79797K [0x0000000080000000, 0x0000000100000000)
  region size 1024K, 27 young (27648K), 4 survivors (4096K)
 Metaspace       used 70062K, committed 70656K, reserved 1114112K
  class space    used 9417K, committed 9664K, reserved 1048576K
}
Event: 7.702 GC heap after
{Heap after GC invocations=25 (full 0):
 garbage-first heap   total 107520K, used 57711K [0x0000000080000000, 0x0000000100000000)
  region size 1024K, 3 young (3072K), 3 survivors (3072K)
 Metaspace       used 70062K, committed 70656K, reserved 1114112K
  class space    used 9417K, committed 9664K, reserved 1048576K
}
Event: 7.957 GC heap before
{Heap before GC invocations=25 (full 0):
 garbage-first heap   total 107520K, used 82287K [0x0000000080000000, 0x0000000100000000)
  region size 1024K, 28 young (28672K), 3 survivors (3072K)
 Metaspace       used 73185K, committed 73792K, reserved 1114112K
  class space    used 9819K, committed 10112K, reserved 1048576K
}
Event: 7.961 GC heap after
{Heap after GC invocations=26 (full 0):
 garbage-first heap   total 129024K, used 59199K [0x0000000080000000, 0x0000000100000000)
  region size 1024K, 3 young (3072K), 3 survivors (3072K)
 Metaspace       used 73185K, committed 73792K, reserved 1114112K
  class space    used 9819K, committed 10112K, reserved 1048576K
}
Event: 8.323 GC heap before
{Heap before GC invocations=27 (full 0):
 garbage-first heap   total 129024K, used 98111K [0x0000000080000000, 0x0000000100000000)
  region size 1024K, 42 young (43008K), 3 survivors (3072K)
 Metaspace       used 75676K, committed 76224K, reserved 1179648K
  class space    used 10162K, committed 10432K, reserved 1048576K
}
Event: 8.327 GC heap after
{Heap after GC invocations=28 (full 0):
 garbage-first heap   total 129024K, used 62226K [0x0000000080000000, 0x0000000100000000)
  region size 1024K, 6 young (6144K), 6 survivors (6144K)
 Metaspace       used 75676K, committed 76224K, reserved 1179648K
  class space    used 10162K, committed 10432K, reserved 1048576K
}
Event: 8.333 GC heap before
{Heap before GC invocations=28 (full 0):
 garbage-first heap   total 129024K, used 63250K [0x0000000080000000, 0x0000000100000000)
  region size 1024K, 7 young (7168K), 6 survivors (6144K)
 Metaspace       used 75697K, committed 76224K, reserved 1179648K
  class space    used 10164K, committed 10432K, reserved 1048576K
}
Event: 8.339 GC heap after
{Heap after GC invocations=29 (full 0):
 garbage-first heap   total 129024K, used 62409K [0x0000000080000000, 0x0000000100000000)
  region size 1024K, 1 young (1024K), 1 survivors (1024K)
 Metaspace       used 75697K, committed 76224K, reserved 1179648K
  class space    used 10164K, committed 10432K, reserved 1048576K
}
Event: 8.686 GC heap before
{Heap before GC invocations=29 (full 0):
 garbage-first heap   total 129024K, used 101321K [0x0000000080000000, 0x0000000100000000)
  region size 1024K, 39 young (39936K), 1 survivors (1024K)
 Metaspace       used 78811K, committed 79424K, reserved 1179648K
  class space    used 10778K, committed 11072K, reserved 1048576K
}
Event: 8.688 GC heap after
{Heap after GC invocations=30 (full 0):
 garbage-first heap   total 129024K, used 62710K [0x0000000080000000, 0x0000000100000000)
  region size 1024K, 2 young (2048K), 2 survivors (2048K)
 Metaspace       used 78811K, committed 79424K, reserved 1179648K
  class space    used 10778K, committed 11072K, reserved 1048576K
}
Event: 9.189 GC heap before
{Heap before GC invocations=31 (full 0):
 garbage-first heap   total 129024K, used 102646K [0x0000000080000000, 0x0000000100000000)
  region size 1024K, 41 young (41984K), 2 survivors (2048K)
 Metaspace       used 82363K, committed 82944K, reserved 1179648K
  class space    used 11304K, committed 11584K, reserved 1048576K
}
Event: 9.194 GC heap after
{Heap after GC invocations=32 (full 0):
 garbage-first heap   total 129024K, used 64697K [0x0000000080000000, 0x0000000100000000)
  region size 1024K, 4 young (4096K), 4 survivors (4096K)
 Metaspace       used 82363K, committed 82944K, reserved 1179648K
  class space    used 11304K, committed 11584K, reserved 1048576K
}
Event: 9.222 GC heap before
{Heap before GC invocations=32 (full 0):
 garbage-first heap   total 129024K, used 66745K [0x0000000080000000, 0x0000000100000000)
  region size 1024K, 6 young (6144K), 4 survivors (4096K)
 Metaspace       used 82498K, committed 83072K, reserved 1179648K
  class space    used 11325K, committed 11584K, reserved 1048576K
}
Event: 9.226 GC heap after
{Heap after GC invocations=33 (full 0):
 garbage-first heap   total 129024K, used 64707K [0x0000000080000000, 0x0000000100000000)
  region size 1024K, 1 young (1024K), 1 survivors (1024K)
 Metaspace       used 82498K, committed 83072K, reserved 1179648K
  class space    used 11325K, committed 11584K, reserved 1048576K
}
Event: 9.680 GC heap before
{Heap before GC invocations=33 (full 0):
 garbage-first heap   total 129024K, used 104643K [0x0000000080000000, 0x0000000100000000)
  region size 1024K, 40 young (40960K), 1 survivors (1024K)
 Metaspace       used 85706K, committed 86272K, reserved 1179648K
  class space    used 11832K, committed 12096K, reserved 1048576K
}
Event: 9.685 GC heap after
{Heap after GC invocations=34 (full 0):
 garbage-first heap   total 280576K, used 66431K [0x0000000080000000, 0x0000000100000000)
  region size 1024K, 3 young (3072K), 3 survivors (3072K)
 Metaspace       used 85706K, committed 86272K, reserved 1179648K
  class space    used 11832K, committed 12096K, reserved 1048576K
}
Event: 11.633 GC heap before
{Heap before GC invocations=34 (full 0):
 garbage-first heap   total 280576K, used 225151K [0x0000000080000000, 0x0000000100000000)
  region size 1024K, 154 young (157696K), 3 survivors (3072K)
 Metaspace       used 94313K, committed 94976K, reserved 1179648K
  class space    used 13005K, committed 13312K, reserved 1048576K
}
Event: 11.647 GC heap after
{Heap after GC invocations=35 (full 0):
 garbage-first heap   total 280576K, used 82050K [0x0000000080000000, 0x0000000100000000)
  region size 1024K, 18 young (18432K), 18 survivors (18432K)
 Metaspace       used 94313K, committed 94976K, reserved 1179648K
  class space    used 13005K, committed 13312K, reserved 1048576K
}

