# JRE version: OpenJDK Runtime Environment (17.0.7) (build 17.0.7+0-b2043.56-10550314)
# Java VM: OpenJDK 64-Bit Server VM (17.0.7+0-b2043.56-10550314, mixed mode, tiered, compressed oops, compressed class ptrs, g1 gc, windows-amd64)
GC Precious Log:
 CPUs: 8 total, 8 available
 Memory: 16221M
 Large Page Support: Disabled
 NUMA Support: Disabled
 Compressed Oops: Enabled (32-bit)
 Heap Region Size: 1M
 Heap Min Capacity: 8M
 Heap Initial Capacity: 254M
 Heap Max Capacity: 2G
 Pre-touch: Disabled
 Parallel Workers: 8
 Concurrent Workers: 2
 Concurrent Refinement Workers: 8
 Periodic GC: Disabled
Heap:
 garbage-first heap   total 301056K, used 155404K [0x0000000080000000, 0x0000000100000000)
  region size 1024K, 1 young (1024K), 1 survivors (1024K)
 Metaspace       used 111351K, committed 112064K, reserved 1179648K
  class space    used 15854K, committed 16192K, reserved 1048576K
GC Heap History (20 events):
Event: 9.184 GC heap after
{Heap after GC invocations=32 (full 0):
 garbage-first heap   total 221184K, used 78120K [0x0000000080000000, 0x0000000100000000)
  region size 1024K, 14 young (14336K), 14 survivors (14336K)
 Metaspace       used 90638K, committed 91328K, reserved 1179648K
  class space    used 12524K, committed 12864K, reserved 1048576K
}
Event: 9.961 GC heap before
{Heap before GC invocations=32 (full 0):
 garbage-first heap   total 221184K, used 173352K [0x0000000080000000, 0x0000000100000000)
  region size 1024K, 103 young (105472K), 14 survivors (14336K)
 Metaspace       used 93772K, committed 94400K, reserved 1179648K
  class space    used 12938K, committed 13248K, reserved 1048576K
}
Event: 9.976 GC heap after
{Heap after GC invocations=33 (full 0):
 garbage-first heap   total 221184K, used 87995K [0x0000000080000000, 0x0000000100000000)
  region size 1024K, 10 young (10240K), 10 survivors (10240K)
 Metaspace       used 93772K, committed 94400K, reserved 1179648K
  class space    used 12938K, committed 13248K, reserved 1048576K
}
Event: 10.438 GC heap before
{Heap before GC invocations=33 (full 0):
 garbage-first heap   total 221184K, used 170939K [0x0000000080000000, 0x0000000100000000)
  region size 1024K, 92 young (94208K), 10 survivors (10240K)
 Metaspace       used 96803K, committed 97472K, reserved 1179648K
  class space    used 13320K, committed 13632K, reserved 1048576K
}
Event: 10.447 GC heap after
{Heap after GC invocations=34 (full 0):
 garbage-first heap   total 221184K, used 97749K [0x0000000080000000, 0x0000000100000000)
  region size 1024K, 11 young (11264K), 11 survivors (11264K)
 Metaspace       used 96803K, committed 97472K, reserved 1179648K
  class space    used 13320K, committed 13632K, reserved 1048576K
}
Event: 10.855 GC heap before
{Heap before GC invocations=34 (full 0):
 garbage-first heap   total 221184K, used 173525K [0x0000000080000000, 0x0000000100000000)
  region size 1024K, 86 young (88064K), 11 survivors (11264K)
 Metaspace       used 101088K, committed 101760K, reserved 1179648K
  class space    used 13965K, committed 14272K, reserved 1048576K
}
Event: 10.867 GC heap after
{Heap after GC invocations=35 (full 0):
 garbage-first heap   total 221184K, used 108856K [0x0000000080000000, 0x0000000100000000)
  region size 1024K, 11 young (11264K), 11 survivors (11264K)
 Metaspace       used 101088K, committed 101760K, reserved 1179648K
  class space    used 13965K, committed 14272K, reserved 1048576K
}
Event: 11.121 GC heap before
{Heap before GC invocations=35 (full 0):
 garbage-first heap   total 221184K, used 175416K [0x0000000080000000, 0x0000000100000000)
  region size 1024K, 77 young (78848K), 11 survivors (11264K)
 Metaspace       used 103514K, committed 104256K, reserved 1179648K
  class space    used 14385K, committed 14720K, reserved 1048576K
}
Event: 11.134 GC heap after
{Heap after GC invocations=36 (full 0):
 garbage-first heap   total 221184K, used 119670K [0x0000000080000000, 0x0000000100000000)
  region size 1024K, 10 young (10240K), 10 survivors (10240K)
 Metaspace       used 103514K, committed 104256K, reserved 1179648K
  class space    used 14385K, committed 14720K, reserved 1048576K
}
Event: 11.226 GC heap before
{Heap before GC invocations=36 (full 0):
 garbage-first heap   total 221184K, used 177014K [0x0000000080000000, 0x0000000100000000)
  region size 1024K, 66 young (67584K), 10 survivors (10240K)
 Metaspace       used 104413K, committed 105088K, reserved 1179648K
  class space    used 14481K, committed 14784K, reserved 1048576K
}
Event: 11.241 GC heap after
{Heap after GC invocations=37 (full 0):
 garbage-first heap   total 266240K, used 129282K [0x0000000080000000, 0x0000000100000000)
  region size 1024K, 9 young (9216K), 9 survivors (9216K)
 Metaspace       used 104413K, committed 105088K, reserved 1179648K
  class space    used 14481K, committed 14784K, reserved 1048576K
}
Event: 11.466 GC heap before
{Heap before GC invocations=37 (full 0):
 garbage-first heap   total 266240K, used 208130K [0x0000000080000000, 0x0000000100000000)
  region size 1024K, 87 young (89088K), 9 survivors (9216K)
 Metaspace       used 106758K, committed 107456K, reserved 1179648K
  class space    used 14984K, committed 15296K, reserved 1048576K
}
Event: 11.481 GC heap after
{Heap after GC invocations=38 (full 0):
 garbage-first heap   total 266240K, used 140783K [0x0000000080000000, 0x0000000100000000)
  region size 1024K, 11 young (11264K), 11 survivors (11264K)
 Metaspace       used 106758K, committed 107456K, reserved 1179648K
  class space    used 14984K, committed 15296K, reserved 1048576K
}
Event: 11.581 GC heap before
{Heap before GC invocations=38 (full 0):
 garbage-first heap   total 266240K, used 212463K [0x0000000080000000, 0x0000000100000000)
  region size 1024K, 81 young (82944K), 11 survivors (11264K)
 Metaspace       used 107707K, committed 108416K, reserved 1179648K
  class space    used 15160K, committed 15488K, reserved 1048576K
}
Event: 11.594 GC heap after
{Heap after GC invocations=39 (full 0):
 garbage-first heap   total 266240K, used 152228K [0x0000000080000000, 0x0000000100000000)
  region size 1024K, 11 young (11264K), 11 survivors (11264K)
 Metaspace       used 107707K, committed 108416K, reserved 1179648K
  class space    used 15160K, committed 15488K, reserved 1048576K
}
Event: 11.626 GC heap before
{Heap before GC invocations=39 (full 0):
 garbage-first heap   total 266240K, used 167588K [0x0000000080000000, 0x0000000100000000)
  region size 1024K, 27 young (27648K), 11 survivors (11264K)
 Metaspace       used 108177K, committed 108800K, reserved 1179648K
  class space    used 15269K, committed 15552K, reserved 1048576K
}
Event: 11.636 GC heap after
{Heap after GC invocations=40 (full 0):
 garbage-first heap   total 266240K, used 155644K [0x0000000080000000, 0x0000000100000000)
  region size 1024K, 3 young (3072K), 3 survivors (3072K)
 Metaspace       used 108177K, committed 108800K, reserved 1179648K
  class space    used 15269K, committed 15552K, reserved 1048576K
}
Event: 12.102 GC heap before
{Heap before GC invocations=41 (full 0):
 garbage-first heap   total 301056K, used 216060K [0x0000000080000000, 0x0000000100000000)
  region size 1024K, 63 young (64512K), 3 survivors (3072K)
 Metaspace       used 111236K, committed 111936K, reserved 1179648K
  class space    used 15838K, committed 16192K, reserved 1048576K
}
Event: 12.108 GC heap after
{Heap after GC invocations=42 (full 0):
 garbage-first heap   total 301056K, used 157511K [0x0000000080000000, 0x0000000100000000)
  region size 1024K, 5 young (5120K), 5 survivors (5120K)
 Metaspace       used 111236K, committed 111936K, reserved 1179648K
  class space    used 15838K, committed 16192K, reserved 1048576K
}
Event: 12.142 GC heap before
{Heap before GC invocations=42 (full 0):
 garbage-first heap   total 301056K, used 166727K [0x0000000080000000, 0x0000000100000000)
  region size 1024K, 14 young (14336K), 5 survivors (5120K)
 Metaspace       used 111351K, committed 112064K, reserved 1179648K
  class space    used 15854K, committed 16192K, reserved 1048576K
}

