# JRE version: OpenJDK Runtime Environment (17.0.7) (build 17.0.7+0-b2043.56-10550314)
# Java VM: OpenJDK 64-Bit Server VM (17.0.7+0-b2043.56-10550314, mixed mode, tiered, compressed oops, compressed class ptrs, g1 gc, windows-amd64)
GC Precious Log:
 CPUs: 8 total, 8 available
 Memory: 16221M
 Large Page Support: Disabled
 NUMA Support: Disabled
 Compressed Oops: Enabled (32-bit)
 Heap Region Size: 1M
 Heap Min Capacity: 8M
 Heap Initial Capacity: 254M
 Heap Max Capacity: 2G
 Pre-touch: Disabled
 Parallel Workers: 8
 Concurrent Workers: 2
 Concurrent Refinement Workers: 8
 Periodic GC: Disabled
Heap:
 garbage-first heap   total 278528K, used 161709K [0x0000000080000000, 0x0000000100000000)
  region size 1024K, 5 young (5120K), 5 survivors (5120K)
 Metaspace       used 110780K, committed 111552K, reserved 1179648K
  class space    used 15769K, committed 16128K, reserved 1048576K
GC Heap History (20 events):
Event: 8.136 GC heap after
{Heap after GC invocations=39 (full 0):
 garbage-first heap   total 176128K, used 64539K [0x0000000080000000, 0x0000000100000000)
  region size 1024K, 1 young (1024K), 1 survivors (1024K)
 Metaspace       used 82688K, committed 83328K, reserved 1179648K
  class space    used 11348K, committed 11648K, reserved 1048576K
}
Event: 9.070 GC heap before
{Heap before GC invocations=39 (full 0):
 garbage-first heap   total 176128K, used 141339K [0x0000000080000000, 0x0000000100000000)
  region size 1024K, 76 young (77824K), 1 survivors (1024K)
 Metaspace       used 89185K, committed 89856K, reserved 1179648K
  class space    used 12297K, committed 12608K, reserved 1048576K
}
Event: 9.076 GC heap after
{Heap after GC invocations=40 (full 0):
 garbage-first heap   total 176128K, used 68990K [0x0000000080000000, 0x0000000100000000)
  region size 1024K, 5 young (5120K), 5 survivors (5120K)
 Metaspace       used 89185K, committed 89856K, reserved 1179648K
  class space    used 12297K, committed 12608K, reserved 1048576K
}
Event: 9.760 GC heap before
{Heap before GC invocations=40 (full 0):
 garbage-first heap   total 176128K, used 140670K [0x0000000080000000, 0x0000000100000000)
  region size 1024K, 76 young (77824K), 5 survivors (5120K)
 Metaspace       used 91786K, committed 92480K, reserved 1179648K
  class space    used 12745K, committed 13056K, reserved 1048576K
}
Event: 9.770 GC heap after
{Heap after GC invocations=41 (full 0):
 garbage-first heap   total 176128K, used 78282K [0x0000000080000000, 0x0000000100000000)
  region size 1024K, 10 young (10240K), 10 survivors (10240K)
 Metaspace       used 91786K, committed 92480K, reserved 1179648K
  class space    used 12745K, committed 13056K, reserved 1048576K
}
Event: 10.242 GC heap before
{Heap before GC invocations=41 (full 0):
 garbage-first heap   total 176128K, used 138698K [0x0000000080000000, 0x0000000100000000)
  region size 1024K, 70 young (71680K), 10 survivors (10240K)
 Metaspace       used 92373K, committed 92992K, reserved 1179648K
  class space    used 12804K, committed 13120K, reserved 1048576K
}
Event: 10.257 GC heap after
{Heap after GC invocations=42 (full 0):
 garbage-first heap   total 176128K, used 85132K [0x0000000080000000, 0x0000000100000000)
  region size 1024K, 7 young (7168K), 7 survivors (7168K)
 Metaspace       used 92373K, committed 92992K, reserved 1179648K
  class space    used 12804K, committed 13120K, reserved 1048576K
}
Event: 10.751 GC heap before
{Heap before GC invocations=42 (full 0):
 garbage-first heap   total 176128K, used 146572K [0x0000000080000000, 0x0000000100000000)
  region size 1024K, 63 young (64512K), 7 survivors (7168K)
 Metaspace       used 94412K, committed 95104K, reserved 1179648K
  class space    used 12986K, committed 13312K, reserved 1048576K
}
Event: 10.759 GC heap after
{Heap after GC invocations=43 (full 0):
 garbage-first heap   total 176128K, used 90017K [0x0000000080000000, 0x0000000100000000)
  region size 1024K, 7 young (7168K), 7 survivors (7168K)
 Metaspace       used 94412K, committed 95104K, reserved 1179648K
  class space    used 12986K, committed 13312K, reserved 1048576K
}
Event: 11.118 GC heap before
{Heap before GC invocations=43 (full 0):
 garbage-first heap   total 176128K, used 141217K [0x0000000080000000, 0x0000000100000000)
  region size 1024K, 58 young (59392K), 7 survivors (7168K)
 Metaspace       used 96092K, committed 96832K, reserved 1179648K
  class space    used 13250K, committed 13632K, reserved 1048576K
}
Event: 11.125 GC heap after
{Heap after GC invocations=44 (full 0):
 garbage-first heap   total 278528K, used 96217K [0x0000000080000000, 0x0000000100000000)
  region size 1024K, 7 young (7168K), 7 survivors (7168K)
 Metaspace       used 96092K, committed 96832K, reserved 1179648K
  class space    used 13250K, committed 13632K, reserved 1048576K
}
Event: 11.860 GC heap before
{Heap before GC invocations=44 (full 0):
 garbage-first heap   total 278528K, used 213977K [0x0000000080000000, 0x0000000100000000)
  region size 1024K, 123 young (125952K), 7 survivors (7168K)
 Metaspace       used 101355K, committed 102144K, reserved 1179648K
  class space    used 14051K, committed 14400K, reserved 1048576K
}
Event: 11.875 GC heap after
{Heap after GC invocations=45 (full 0):
 garbage-first heap   total 278528K, used 114618K [0x0000000080000000, 0x0000000100000000)
  region size 1024K, 16 young (16384K), 16 survivors (16384K)
 Metaspace       used 101355K, committed 102144K, reserved 1179648K
  class space    used 14051K, committed 14400K, reserved 1048576K
}
Event: 12.219 GC heap before
{Heap before GC invocations=45 (full 0):
 garbage-first heap   total 278528K, used 211898K [0x0000000080000000, 0x0000000100000000)
  region size 1024K, 112 young (114688K), 16 survivors (16384K)
 Metaspace       used 103945K, committed 104704K, reserved 1179648K
  class space    used 14431K, committed 14784K, reserved 1048576K
}
Event: 12.246 GC heap after
{Heap after GC invocations=46 (full 0):
 garbage-first heap   total 278528K, used 129551K [0x0000000080000000, 0x0000000100000000)
  region size 1024K, 14 young (14336K), 14 survivors (14336K)
 Metaspace       used 103945K, committed 104704K, reserved 1179648K
  class space    used 14431K, committed 14784K, reserved 1048576K
}
Event: 12.494 GC heap before
{Heap before GC invocations=46 (full 0):
 garbage-first heap   total 278528K, used 216591K [0x0000000080000000, 0x0000000100000000)
  region size 1024K, 100 young (102400K), 14 survivors (14336K)
 Metaspace       used 106304K, committed 107072K, reserved 1179648K
  class space    used 14927K, committed 15296K, reserved 1048576K
}
Event: 12.512 GC heap after
{Heap after GC invocations=47 (full 0):
 garbage-first heap   total 278528K, used 144384K [0x0000000080000000, 0x0000000100000000)
  region size 1024K, 13 young (13312K), 13 survivors (13312K)
 Metaspace       used 106304K, committed 107072K, reserved 1179648K
  class space    used 14927K, committed 15296K, reserved 1048576K
}
Event: 12.685 GC heap before
{Heap before GC invocations=47 (full 0):
 garbage-first heap   total 278528K, used 222208K [0x0000000080000000, 0x0000000100000000)
  region size 1024K, 89 young (91136K), 13 survivors (13312K)
 Metaspace       used 107788K, committed 108544K, reserved 1179648K
  class space    used 15238K, committed 15616K, reserved 1048576K
}
Event: 12.704 GC heap after
{Heap after GC invocations=48 (full 0):
 garbage-first heap   total 278528K, used 156945K [0x0000000080000000, 0x0000000100000000)
  region size 1024K, 12 young (12288K), 12 survivors (12288K)
 Metaspace       used 107788K, committed 108544K, reserved 1179648K
  class space    used 15238K, committed 15616K, reserved 1048576K
}
Event: 13.064 GC heap before
{Heap before GC invocations=48 (full 0):
 garbage-first heap   total 278528K, used 224529K [0x0000000080000000, 0x0000000100000000)
  region size 1024K, 78 young (79872K), 12 survivors (12288K)
 Metaspace       used 110780K, committed 111552K, reserved 1179648K
  class space    used 15769K, committed 16128K, reserved 1048576K
}

