# JRE version: OpenJDK Runtime Environment (17.0.7) (build 17.0.7+0-b2043.56-10550314)
# Java VM: OpenJDK 64-Bit Server VM (17.0.7+0-b2043.56-10550314, mixed mode, tiered, compressed oops, compressed class ptrs, g1 gc, windows-amd64)
GC Precious Log:
 CPUs: 8 total, 8 available
 Memory: 16221M
 Large Page Support: Disabled
 NUMA Support: Disabled
 Compressed Oops: Enabled (32-bit)
 Heap Region Size: 1M
 Heap Min Capacity: 8M
 Heap Initial Capacity: 254M
 Heap Max Capacity: 2G
 Pre-touch: Disabled
 Parallel Workers: 8
 Concurrent Workers: 2
 Concurrent Refinement Workers: 8
 Periodic GC: Disabled
Heap:
 garbage-first heap   total 162816K, used 125228K [0x0000000080000000, 0x0000000100000000)
  region size 1024K, 37 young (37888K), 1 survivors (1024K)
 Metaspace       used 71019K, committed 71744K, reserved 1114112K
  class space    used 9589K, committed 9920K, reserved 1048576K
GC Heap History (20 events):
Event: 4.682 GC heap before
{Heap before GC invocations=22 (full 0):
 garbage-first heap   total 117760K, used 88148K [0x0000000080000000, 0x0000000100000000)
  region size 1024K, 23 young (23552K), 2 survivors (2048K)
 Metaspace       used 50735K, committed 51264K, reserved 1114112K
  class space    used 6686K, committed 6912K, reserved 1048576K
}
Event: 4.685 GC heap after
{Heap after GC invocations=23 (full 0):
 garbage-first heap   total 117760K, used 65164K [0x0000000080000000, 0x0000000100000000)
  region size 1024K, 3 young (3072K), 3 survivors (3072K)
 Metaspace       used 50735K, committed 51264K, reserved 1114112K
  class space    used 6686K, committed 6912K, reserved 1048576K
}
Event: 4.925 GC heap before
{Heap before GC invocations=23 (full 0):
 garbage-first heap   total 117760K, used 90764K [0x0000000080000000, 0x0000000100000000)
  region size 1024K, 28 young (28672K), 3 survivors (3072K)
 Metaspace       used 52671K, committed 53248K, reserved 1114112K
  class space    used 7049K, committed 7296K, reserved 1048576K
}
Event: 4.927 GC heap after
{Heap after GC invocations=24 (full 0):
 garbage-first heap   total 117760K, used 66218K [0x0000000080000000, 0x0000000100000000)
  region size 1024K, 3 young (3072K), 3 survivors (3072K)
 Metaspace       used 52671K, committed 53248K, reserved 1114112K
  class space    used 7049K, committed 7296K, reserved 1048576K
}
Event: 5.292 GC heap before
{Heap before GC invocations=25 (full 0):
 garbage-first heap   total 117760K, used 93866K [0x0000000080000000, 0x0000000100000000)
  region size 1024K, 30 young (30720K), 3 survivors (3072K)
 Metaspace       used 55485K, committed 56064K, reserved 1114112K
  class space    used 7549K, committed 7808K, reserved 1048576K
}
Event: 5.296 GC heap after
{Heap after GC invocations=26 (full 0):
 garbage-first heap   total 117760K, used 68063K [0x0000000080000000, 0x0000000100000000)
  region size 1024K, 3 young (3072K), 3 survivors (3072K)
 Metaspace       used 55485K, committed 56064K, reserved 1114112K
  class space    used 7549K, committed 7808K, reserved 1048576K
}
Event: 5.691 GC heap before
{Heap before GC invocations=26 (full 0):
 garbage-first heap   total 117760K, used 93663K [0x0000000080000000, 0x0000000100000000)
  region size 1024K, 29 young (29696K), 3 survivors (3072K)
 Metaspace       used 57191K, committed 57728K, reserved 1114112K
  class space    used 7757K, committed 8000K, reserved 1048576K
}
Event: 5.695 GC heap after
{Heap after GC invocations=27 (full 0):
 garbage-first heap   total 117760K, used 70746K [0x0000000080000000, 0x0000000100000000)
  region size 1024K, 4 young (4096K), 4 survivors (4096K)
 Metaspace       used 57191K, committed 57728K, reserved 1114112K
  class space    used 7757K, committed 8000K, reserved 1048576K
}
Event: 5.800 GC heap before
{Heap before GC invocations=28 (full 0):
 garbage-first heap   total 124928K, used 75866K [0x0000000080000000, 0x0000000100000000)
  region size 1024K, 11 young (11264K), 4 survivors (4096K)
 Metaspace       used 57359K, committed 58048K, reserved 1114112K
  class space    used 7776K, committed 8064K, reserved 1048576K
}
Event: 5.804 GC heap after
{Heap after GC invocations=29 (full 0):
 garbage-first heap   total 124928K, used 71349K [0x0000000080000000, 0x0000000100000000)
  region size 1024K, 1 young (1024K), 1 survivors (1024K)
 Metaspace       used 57359K, committed 58048K, reserved 1114112K
  class space    used 7776K, committed 8064K, reserved 1048576K
}
Event: 6.042 GC heap before
{Heap before GC invocations=30 (full 0):
 garbage-first heap   total 135168K, used 107189K [0x0000000080000000, 0x0000000100000000)
  region size 1024K, 31 young (31744K), 1 survivors (1024K)
 Metaspace       used 59225K, committed 59776K, reserved 1114112K
  class space    used 8034K, committed 8256K, reserved 1048576K
}
Event: 6.044 GC heap after
{Heap after GC invocations=31 (full 0):
 garbage-first heap   total 135168K, used 83176K [0x0000000080000000, 0x0000000100000000)
  region size 1024K, 4 young (4096K), 4 survivors (4096K)
 Metaspace       used 59225K, committed 59776K, reserved 1114112K
  class space    used 8034K, committed 8256K, reserved 1048576K
}
Event: 6.068 GC heap before
{Heap before GC invocations=31 (full 0):
 garbage-first heap   total 135168K, used 85224K [0x0000000080000000, 0x0000000100000000)
  region size 1024K, 6 young (6144K), 4 survivors (4096K)
 Metaspace       used 59426K, committed 60032K, reserved 1114112K
  class space    used 8067K, committed 8320K, reserved 1048576K
}
Event: 6.069 GC heap after
{Heap after GC invocations=32 (full 0):
 garbage-first heap   total 162816K, used 83196K [0x0000000080000000, 0x0000000100000000)
  region size 1024K, 1 young (1024K), 1 survivors (1024K)
 Metaspace       used 59426K, committed 60032K, reserved 1114112K
  class space    used 8067K, committed 8320K, reserved 1048576K
}
Event: 6.401 GC heap before
{Heap before GC invocations=32 (full 0):
 garbage-first heap   total 162816K, used 123132K [0x0000000080000000, 0x0000000100000000)
  region size 1024K, 40 young (40960K), 1 survivors (1024K)
 Metaspace       used 63624K, committed 64320K, reserved 1114112K
  class space    used 8569K, committed 8896K, reserved 1048576K
}
Event: 6.403 GC heap after
{Heap after GC invocations=33 (full 0):
 garbage-first heap   total 162816K, used 84234K [0x0000000080000000, 0x0000000100000000)
  region size 1024K, 2 young (2048K), 2 survivors (2048K)
 Metaspace       used 63624K, committed 64320K, reserved 1114112K
  class space    used 8569K, committed 8896K, reserved 1048576K
}
Event: 6.910 GC heap before
{Heap before GC invocations=34 (full 0):
 garbage-first heap   total 162816K, used 131338K [0x0000000080000000, 0x0000000100000000)
  region size 1024K, 43 young (44032K), 2 survivors (2048K)
 Metaspace       used 68091K, committed 68800K, reserved 1114112K
  class space    used 9201K, committed 9536K, reserved 1048576K
}
Event: 6.914 GC heap after
{Heap after GC invocations=35 (full 0):
 garbage-first heap   total 162816K, used 88859K [0x0000000080000000, 0x0000000100000000)
  region size 1024K, 6 young (6144K), 6 survivors (6144K)
 Metaspace       used 68091K, committed 68800K, reserved 1114112K
  class space    used 9201K, committed 9536K, reserved 1048576K
}
Event: 6.923 GC heap before
{Heap before GC invocations=35 (full 0):
 garbage-first heap   total 162816K, used 89883K [0x0000000080000000, 0x0000000100000000)
  region size 1024K, 7 young (7168K), 6 survivors (6144K)
 Metaspace       used 68148K, committed 68800K, reserved 1114112K
  class space    used 9217K, committed 9536K, reserved 1048576K
}
Event: 6.925 GC heap after
{Heap after GC invocations=36 (full 0):
 garbage-first heap   total 162816K, used 89388K [0x0000000080000000, 0x0000000100000000)
  region size 1024K, 1 young (1024K), 1 survivors (1024K)
 Metaspace       used 68148K, committed 68800K, reserved 1114112K
  class space    used 9217K, committed 9536K, reserved 1048576K
}

