# JRE version: OpenJDK Runtime Environment (17.0.7) (build 17.0.7+0-b2043.56-10550314)
# Java VM: OpenJDK 64-Bit Server VM (17.0.7+0-b2043.56-10550314, mixed mode, tiered, compressed oops, compressed class ptrs, g1 gc, windows-amd64)
GC Precious Log:
 CPUs: 8 total, 8 available
 Memory: 16221M
 Large Page Support: Disabled
 NUMA Support: Disabled
 Compressed Oops: Enabled (32-bit)
 Heap Region Size: 1M
 Heap Min Capacity: 8M
 Heap Initial Capacity: 254M
 Heap Max Capacity: 2G
 Pre-touch: Disabled
 Parallel Workers: 8
 Concurrent Workers: 2
 Concurrent Refinement Workers: 8
 Periodic GC: Disabled
Heap:
 garbage-first heap   total 260096K, used 129516K [0x0000000080000000, 0x0000000100000000)
  region size 1024K, 4 young (4096K), 4 survivors (4096K)
 Metaspace       used 89448K, committed 90240K, reserved 1179648K
  class space    used 12356K, committed 12736K, reserved 1048576K
GC Heap History (20 events):
Event: 8.176 GC heap after
{Heap after GC invocations=42 (full 0):
 garbage-first heap   total 150528K, used 93024K [0x0000000080000000, 0x0000000100000000)
  region size 1024K, 4 young (4096K), 4 survivors (4096K)
 Metaspace       used 67858K, committed 68608K, reserved 1114112K
  class space    used 9143K, committed 9472K, reserved 1048576K
}
Event: 8.191 GC heap before
{Heap before GC invocations=42 (full 0):
 garbage-first heap   total 150528K, used 98144K [0x0000000080000000, 0x0000000100000000)
  region size 1024K, 7 young (7168K), 4 survivors (4096K)
 Metaspace       used 67864K, committed 68608K, reserved 1114112K
  class space    used 9143K, committed 9472K, reserved 1048576K
}
Event: 8.195 GC heap after
{Heap after GC invocations=43 (full 0):
 garbage-first heap   total 181248K, used 94503K [0x0000000080000000, 0x0000000100000000)
  region size 1024K, 1 young (1024K), 1 survivors (1024K)
 Metaspace       used 67864K, committed 68608K, reserved 1114112K
  class space    used 9143K, committed 9472K, reserved 1048576K
}
Event: 8.606 GC heap before
{Heap before GC invocations=43 (full 0):
 garbage-first heap   total 181248K, used 134439K [0x0000000080000000, 0x0000000100000000)
  region size 1024K, 40 young (40960K), 1 survivors (1024K)
 Metaspace       used 70796K, committed 71424K, reserved 1114112K
  class space    used 9548K, committed 9856K, reserved 1048576K
}
Event: 8.610 GC heap after
{Heap after GC invocations=44 (full 0):
 garbage-first heap   total 181248K, used 96771K [0x0000000080000000, 0x0000000100000000)
  region size 1024K, 4 young (4096K), 4 survivors (4096K)
 Metaspace       used 70796K, committed 71424K, reserved 1114112K
  class space    used 9548K, committed 9856K, reserved 1048576K
}
Event: 9.000 GC heap before
{Heap before GC invocations=45 (full 0):
 garbage-first heap   total 181248K, used 134659K [0x0000000080000000, 0x0000000100000000)
  region size 1024K, 44 young (45056K), 4 survivors (4096K)
 Metaspace       used 75079K, committed 75776K, reserved 1114112K
  class space    used 10129K, committed 10432K, reserved 1048576K
}
Event: 9.003 GC heap after
{Heap after GC invocations=46 (full 0):
 garbage-first heap   total 181248K, used 94987K [0x0000000080000000, 0x0000000100000000)
  region size 1024K, 6 young (6144K), 6 survivors (6144K)
 Metaspace       used 75079K, committed 75776K, reserved 1114112K
  class space    used 10129K, committed 10432K, reserved 1048576K
}
Event: 9.020 GC heap before
{Heap before GC invocations=46 (full 0):
 garbage-first heap   total 181248K, used 97035K [0x0000000080000000, 0x0000000100000000)
  region size 1024K, 8 young (8192K), 6 survivors (6144K)
 Metaspace       used 75337K, committed 76032K, reserved 1179648K
  class space    used 10164K, committed 10496K, reserved 1048576K
}
Event: 9.022 GC heap after
{Heap after GC invocations=47 (full 0):
 garbage-first heap   total 181248K, used 94606K [0x0000000080000000, 0x0000000100000000)
  region size 1024K, 1 young (1024K), 1 survivors (1024K)
 Metaspace       used 75337K, committed 76032K, reserved 1179648K
  class space    used 10164K, committed 10496K, reserved 1048576K
}
Event: 9.396 GC heap before
{Heap before GC invocations=47 (full 0):
 garbage-first heap   total 181248K, used 140686K [0x0000000080000000, 0x0000000100000000)
  region size 1024K, 46 young (47104K), 1 survivors (1024K)
 Metaspace       used 78467K, committed 79168K, reserved 1179648K
  class space    used 10589K, committed 10944K, reserved 1048576K
}
Event: 9.399 GC heap after
{Heap after GC invocations=48 (full 0):
 garbage-first heap   total 181248K, used 97203K [0x0000000080000000, 0x0000000100000000)
  region size 1024K, 4 young (4096K), 4 survivors (4096K)
 Metaspace       used 78467K, committed 79168K, reserved 1179648K
  class space    used 10589K, committed 10944K, reserved 1048576K
}
Event: 9.821 GC heap before
{Heap before GC invocations=49 (full 0):
 garbage-first heap   total 181248K, used 143283K [0x0000000080000000, 0x0000000100000000)
  region size 1024K, 49 young (50176K), 4 survivors (4096K)
 Metaspace       used 82092K, committed 82816K, reserved 1179648K
  class space    used 11291K, committed 11648K, reserved 1048576K
}
Event: 9.824 GC heap after
{Heap after GC invocations=50 (full 0):
 garbage-first heap   total 181248K, used 98853K [0x0000000080000000, 0x0000000100000000)
  region size 1024K, 5 young (5120K), 5 survivors (5120K)
 Metaspace       used 82092K, committed 82816K, reserved 1179648K
  class space    used 11291K, committed 11648K, reserved 1048576K
}
Event: 9.841 GC heap before
{Heap before GC invocations=50 (full 0):
 garbage-first heap   total 181248K, used 101925K [0x0000000080000000, 0x0000000100000000)
  region size 1024K, 8 young (8192K), 5 survivors (5120K)
 Metaspace       used 82354K, committed 83072K, reserved 1179648K
  class space    used 11321K, committed 11648K, reserved 1048576K
}
Event: 9.844 GC heap after
{Heap after GC invocations=51 (full 0):
 garbage-first heap   total 181248K, used 98647K [0x0000000080000000, 0x0000000100000000)
  region size 1024K, 1 young (1024K), 1 survivors (1024K)
 Metaspace       used 82354K, committed 83072K, reserved 1179648K
  class space    used 11321K, committed 11648K, reserved 1048576K
}
Event: 10.325 GC heap before
{Heap before GC invocations=51 (full 0):
 garbage-first heap   total 181248K, used 167255K [0x0000000080000000, 0x0000000100000000)
  region size 1024K, 48 young (49152K), 1 survivors (1024K)
 Metaspace       used 86372K, committed 87104K, reserved 1179648K
  class space    used 11920K, committed 12288K, reserved 1048576K
}
Event: 10.328 GC heap after
{Heap after GC invocations=52 (full 0):
 garbage-first heap   total 181248K, used 126041K [0x0000000080000000, 0x0000000100000000)
  region size 1024K, 6 young (6144K), 6 survivors (6144K)
 Metaspace       used 86372K, committed 87104K, reserved 1179648K
  class space    used 11920K, committed 12288K, reserved 1048576K
}
Event: 10.591 GC heap before
{Heap before GC invocations=52 (full 0):
 garbage-first heap   total 181248K, used 149593K [0x0000000080000000, 0x0000000100000000)
  region size 1024K, 30 young (30720K), 6 survivors (6144K)
 Metaspace       used 88537K, committed 89280K, reserved 1179648K
  class space    used 12234K, committed 12608K, reserved 1048576K
}
Event: 10.595 GC heap after
{Heap after GC invocations=53 (full 0):
 garbage-first heap   total 181248K, used 128007K [0x0000000080000000, 0x0000000100000000)
  region size 1024K, 2 young (2048K), 2 survivors (2048K)
 Metaspace       used 88537K, committed 89280K, reserved 1179648K
  class space    used 12234K, committed 12608K, reserved 1048576K
}
Event: 10.747 GC heap before
{Heap before GC invocations=53 (full 0):
 garbage-first heap   total 181248K, used 152583K [0x0000000080000000, 0x0000000100000000)
  region size 1024K, 26 young (26624K), 2 survivors (2048K)
 Metaspace       used 89448K, committed 90240K, reserved 1179648K
  class space    used 12356K, committed 12736K, reserved 1048576K
}

