# JRE version: OpenJDK Runtime Environment (17.0.7) (build 17.0.7+0-b2043.56-10550314)
# Java VM: OpenJDK 64-Bit Server VM (17.0.7+0-b2043.56-10550314, mixed mode, tiered, compressed oops, compressed class ptrs, g1 gc, windows-amd64)
GC Precious Log:
 CPUs: 8 total, 8 available
 Memory: 16221M
 Large Page Support: Disabled
 NUMA Support: Disabled
 Compressed Oops: Enabled (32-bit)
 Heap Region Size: 1M
 Heap Min Capacity: 8M
 Heap Initial Capacity: 254M
 Heap Max Capacity: 2G
 Pre-touch: Disabled
 Parallel Workers: 8
 Concurrent Workers: 2
 Concurrent Refinement Workers: 8
 Periodic GC: Disabled
Heap:
 garbage-first heap   total 212992K, used 82133K [0x0000000080000000, 0x0000000100000000)
  region size 1024K, 1 young (1024K), 1 survivors (1024K)
 Metaspace       used 59489K, committed 60224K, reserved 1114112K
  class space    used 8074K, committed 8384K, reserved 1048576K
GC Heap History (20 events):
Event: 3.894 GC heap after
{Heap after GC invocations=20 (full 0):
 garbage-first heap   total 128000K, used 57497K [0x0000000080000000, 0x0000000100000000)
  region size 1024K, 3 young (3072K), 3 survivors (3072K)
 Metaspace       used 46571K, committed 47040K, reserved 1114112K
  class space    used 6192K, committed 6400K, reserved 1048576K
}
Event: 4.138 GC heap before
{Heap before GC invocations=20 (full 0):
 garbage-first heap   total 128000K, used 75929K [0x0000000080000000, 0x0000000100000000)
  region size 1024K, 22 young (22528K), 3 survivors (3072K)
 Metaspace       used 47950K, committed 48448K, reserved 1114112K
  class space    used 6404K, committed 6656K, reserved 1048576K
}
Event: 4.142 GC heap after
{Heap after GC invocations=21 (full 0):
 garbage-first heap   total 128000K, used 59712K [0x0000000080000000, 0x0000000100000000)
  region size 1024K, 6 young (6144K), 6 survivors (6144K)
 Metaspace       used 47950K, committed 48448K, reserved 1114112K
  class space    used 6404K, committed 6656K, reserved 1048576K
}
Event: 4.176 GC heap before
{Heap before GC invocations=21 (full 0):
 garbage-first heap   total 128000K, used 65856K [0x0000000080000000, 0x0000000100000000)
  region size 1024K, 11 young (11264K), 6 survivors (6144K)
 Metaspace       used 48286K, committed 48768K, reserved 1114112K
  class space    used 6429K, committed 6656K, reserved 1048576K
}
Event: 4.180 GC heap after
{Heap after GC invocations=22 (full 0):
 garbage-first heap   total 128000K, used 64191K [0x0000000080000000, 0x0000000100000000)
  region size 1024K, 4 young (4096K), 4 survivors (4096K)
 Metaspace       used 48286K, committed 48768K, reserved 1114112K
  class space    used 6429K, committed 6656K, reserved 1048576K
}
Event: 4.551 GC heap before
{Heap before GC invocations=23 (full 0):
 garbage-first heap   total 128000K, used 99007K [0x0000000080000000, 0x0000000100000000)
  region size 1024K, 36 young (36864K), 4 survivors (4096K)
 Metaspace       used 50937K, committed 51456K, reserved 1114112K
  class space    used 6722K, committed 6976K, reserved 1048576K
}
Event: 4.553 GC heap after
{Heap after GC invocations=24 (full 0):
 garbage-first heap   total 128000K, used 65775K [0x0000000080000000, 0x0000000100000000)
  region size 1024K, 3 young (3072K), 3 survivors (3072K)
 Metaspace       used 50937K, committed 51456K, reserved 1114112K
  class space    used 6722K, committed 6976K, reserved 1048576K
}
Event: 4.588 GC heap before
{Heap before GC invocations=24 (full 0):
 garbage-first heap   total 128000K, used 68847K [0x0000000080000000, 0x0000000100000000)
  region size 1024K, 6 young (6144K), 3 survivors (3072K)
 Metaspace       used 51290K, committed 51840K, reserved 1114112K
  class space    used 6809K, committed 7040K, reserved 1048576K
}
Event: 4.590 GC heap after
{Heap after GC invocations=25 (full 0):
 garbage-first heap   total 128000K, used 66285K [0x0000000080000000, 0x0000000100000000)
  region size 1024K, 1 young (1024K), 1 survivors (1024K)
 Metaspace       used 51290K, committed 51840K, reserved 1114112K
  class space    used 6809K, committed 7040K, reserved 1048576K
}
Event: 4.979 GC heap before
{Heap before GC invocations=25 (full 0):
 garbage-first heap   total 128000K, used 99053K [0x0000000080000000, 0x0000000100000000)
  region size 1024K, 33 young (33792K), 1 survivors (1024K)
 Metaspace       used 54702K, committed 55232K, reserved 1114112K
  class space    used 7415K, committed 7616K, reserved 1048576K
}
Event: 4.984 GC heap after
{Heap after GC invocations=26 (full 0):
 garbage-first heap   total 128000K, used 67980K [0x0000000080000000, 0x0000000100000000)
  region size 1024K, 2 young (2048K), 2 survivors (2048K)
 Metaspace       used 54702K, committed 55232K, reserved 1114112K
  class space    used 7415K, committed 7616K, reserved 1048576K
}
Event: 5.495 GC heap before
{Heap before GC invocations=27 (full 0):
 garbage-first heap   total 128000K, used 100748K [0x0000000080000000, 0x0000000100000000)
  region size 1024K, 35 young (35840K), 2 survivors (2048K)
 Metaspace       used 57156K, committed 57792K, reserved 1114112K
  class space    used 7754K, committed 8000K, reserved 1048576K
}
Event: 5.499 GC heap after
{Heap after GC invocations=28 (full 0):
 garbage-first heap   total 128000K, used 71131K [0x0000000080000000, 0x0000000100000000)
  region size 1024K, 5 young (5120K), 5 survivors (5120K)
 Metaspace       used 57156K, committed 57792K, reserved 1114112K
  class space    used 7754K, committed 8000K, reserved 1048576K
}
Event: 5.504 GC heap before
{Heap before GC invocations=28 (full 0):
 garbage-first heap   total 128000K, used 72155K [0x0000000080000000, 0x0000000100000000)
  region size 1024K, 6 young (6144K), 5 survivors (5120K)
 Metaspace       used 57174K, committed 57792K, reserved 1114112K
  class space    used 7757K, committed 8000K, reserved 1048576K
}
Event: 5.507 GC heap after
{Heap after GC invocations=29 (full 0):
 garbage-first heap   total 128000K, used 71350K [0x0000000080000000, 0x0000000100000000)
  region size 1024K, 1 young (1024K), 1 survivors (1024K)
 Metaspace       used 57174K, committed 57792K, reserved 1114112K
  class space    used 7757K, committed 8000K, reserved 1048576K
}
Event: 5.578 GC heap before
{Heap before GC invocations=29 (full 0):
 garbage-first heap   total 128000K, used 76470K [0x0000000080000000, 0x0000000100000000)
  region size 1024K, 7 young (7168K), 1 survivors (1024K)
 Metaspace       used 57327K, committed 57984K, reserved 1114112K
  class space    used 7773K, committed 8064K, reserved 1048576K
}
Event: 5.579 GC heap after
{Heap after GC invocations=30 (full 0):
 garbage-first heap   total 128000K, used 71070K [0x0000000080000000, 0x0000000100000000)
  region size 1024K, 1 young (1024K), 1 survivors (1024K)
 Metaspace       used 57327K, committed 57984K, reserved 1114112K
  class space    used 7773K, committed 8064K, reserved 1048576K
}
Event: 5.780 GC heap before
{Heap before GC invocations=31 (full 0):
 garbage-first heap   total 137216K, used 108958K [0x0000000080000000, 0x0000000100000000)
  region size 1024K, 33 young (33792K), 1 survivors (1024K)
 Metaspace       used 59404K, committed 60096K, reserved 1114112K
  class space    used 8066K, committed 8384K, reserved 1048576K
}
Event: 5.782 GC heap after
{Heap after GC invocations=32 (full 0):
 garbage-first heap   total 137216K, used 82509K [0x0000000080000000, 0x0000000100000000)
  region size 1024K, 5 young (5120K), 5 survivors (5120K)
 Metaspace       used 59404K, committed 60096K, reserved 1114112K
  class space    used 8066K, committed 8384K, reserved 1048576K
}
Event: 5.787 GC heap before
{Heap before GC invocations=32 (full 0):
 garbage-first heap   total 137216K, used 83533K [0x0000000080000000, 0x0000000100000000)
  region size 1024K, 6 young (6144K), 5 survivors (5120K)
 Metaspace       used 59489K, committed 60224K, reserved 1114112K
  class space    used 8074K, committed 8384K, reserved 1048576K
}

